Using pre-set license
Built from '2021.3/staging' branch; Version is '2021.3.23f1 (213b516bf396) revision 2177873'; Using compiler version '192829333'; Build Type 'Release'
OS: 'Windows 10  (10.0.19045) 64bit Professional' Language: 'de' Physical Memory: 32493 MB
BatchMode: 1, IsHumanControllingUs: 0, StartBugReporterOnCrash: 0, Is64bit: 1, IsPro: 1

COMMAND LINE ARGUMENTS:
D:\Program Files\Unity\Hub\Editor\2021.3.23f1\Editor\Unity.exe
-adb2
-batchMode
-noUpm
-name
AssetImportWorker7
-projectPath
C:/Users/bus/GalaxyMD Prototype1 - Unity
-logFile
Logs/AssetImportWorker7.log
-srvPort
62065
Successfully changed project path to: C:/Users/bus/GalaxyMD Prototype1 - Unity
C:/Users/bus/GalaxyMD Prototype1 - Unity
[UnityMemory] Configuration Parameters - Can be set up in boot.config
    "memorysetup-bucket-allocator-granularity=16"
    "memorysetup-bucket-allocator-bucket-count=8"
    "memorysetup-bucket-allocator-block-size=33554432"
    "memorysetup-bucket-allocator-block-count=8"
    "memorysetup-main-allocator-block-size=16777216"
    "memorysetup-thread-allocator-block-size=16777216"
    "memorysetup-gfx-main-allocator-block-size=16777216"
    "memorysetup-gfx-thread-allocator-block-size=16777216"
    "memorysetup-cache-allocator-block-size=4194304"
    "memorysetup-typetree-allocator-block-size=2097152"
    "memorysetup-profiler-bucket-allocator-granularity=16"
    "memorysetup-profiler-bucket-allocator-bucket-count=8"
    "memorysetup-profiler-bucket-allocator-block-size=33554432"
    "memorysetup-profiler-bucket-allocator-block-count=8"
    "memorysetup-profiler-allocator-block-size=16777216"
    "memorysetup-profiler-editor-allocator-block-size=1048576"
    "memorysetup-temp-allocator-size-main=16777216"
    "memorysetup-job-temp-allocator-block-size=2097152"
    "memorysetup-job-temp-allocator-block-size-background=1048576"
    "memorysetup-job-temp-allocator-reduction-small-platforms=262144"
    "memorysetup-temp-allocator-size-background-worker=32768"
    "memorysetup-temp-allocator-size-job-worker=262144"
    "memorysetup-temp-allocator-size-preload-manager=33554432"
    "memorysetup-temp-allocator-size-nav-mesh-worker=65536"
    "memorysetup-temp-allocator-size-audio-worker=65536"
    "memorysetup-temp-allocator-size-cloud-worker=32768"
    "memorysetup-temp-allocator-size-gi-baking-worker=262144"
    "memorysetup-temp-allocator-size-gfx=262144"
Player connection [37116] Host "[IP] 25.2.145.112 [Port] 0 [Flags] 2 [Guid] 4189944495 [EditorId] 4189944495 [Version] 1048832 [Id] WindowsEditor(7,DESKTOP-D3CN9R5) [Debug] 1 [PackageName] WindowsEditor [ProjectName] Editor" joined multi-casting on [225.0.0.222:54997]...

Player connection [37116] Host "[IP] 25.2.145.112 [Port] 0 [Flags] 2 [Guid] 4189944495 [EditorId] 4189944495 [Version] 1048832 [Id] WindowsEditor(7,DESKTOP-D3CN9R5) [Debug] 1 [PackageName] WindowsEditor [ProjectName] Editor" joined alternative multi-casting on [225.0.0.222:34997]...

mdb reader table full -> cleaning up stale readers. Current readers:
    pid     thread     txnid
      1440 52bc -
      1440 118c -
      1440 3cb4 -
      1440 3608 -
      1440 a11c -
      1440 94a8 -
      1440 9614 -
      1440 34e0 -
      1440 5bcc -
      1440 7a04 -
      1440 6f94 -
      1440 7ba4 -
      1440 40dc -
      1440 1814 -
      1440 56b8 -
      1440 8f64 -
      1440 84c4 -
      1440 8fac -
      1440 614 -
      1440 12d0 -
      1440 981c -
      1440 44ac -
      1440 5638 -
      1440 5ee4 -
      1440 9c04 -
      1440 48a8 -
      1440 14cc -
      1440 7e28 -
      1440 8538 -
      1440 65d0 -
      1440 6b50 -
      1440 549c -
      1440 1cc8 -
      1440 c0f0 -
      1440 a930 -
      1440 8150 -
      1440 7f04 -
      1440 280c -
      1440 8df4 -
      1440 3ed4 -
      1440 93cc -
      1440 a35c -
      1440 35c0 -
      1440 3f98 -
      1440 9810 -
      1440 7558 -
      1440 8d7c -
      1440 8a30 -
      1440 6594 -
      1440 448c -
      1440 88c -
      1440 1958 -
      1440 98e4 -
      1440 a1fc -
      1440 a5c0 -
      1440 706c -
      1440 9450 -
      1440 62e0 -
      1440 7ae8 -
      1440 a5e4 -
      1440 83e4 -
      1440 abfc -
      1440 9a20 -
      1440 ad0c -
      1440 3368 -
      1440 2444 -
      1440 9464 -
      1440 a348 -
      1440 3eec -
      1440 ac34 -
      1440 a30c -
      1440 a1b0 -
      1440 ac8c -
      1440 6320 -
      1440 5840 -
      1440 5948 -
      1440 ab50 -
      1440 85a0 -
      1440 75c8 -
      1440 a99c -
      1440 a970 -
      1440 9b68 -
      1440 a898 -
      1440 b15c -
      1440 b210 -
      1440 8ba4 -
      1440 b360 -
      1440 acfc -
      1440 8148 -
      1440 460c -
      1440 7ebc -
      1440 7fe0 -
      1440 7ed4 -
      1440 8d84 -
      1440 7650 -
      1440 a2c4 -
      1440 ab68 -
      1440 a4e0 -
      1440 94d8 -
      1440 9824 -
      1440 6524 -
      1440 9d28 -
      1440 42a8 -
      1440 6af8 -
      1440 ac04 -
      1440 a454 -
      1440 9a14 -
     25416 90dc -
     39000 6b8c -
      1440 ad70 -
      1440 66e0 -
      1440 a150 -
      1440 7974 -
      1440 5898 -
      1440 a71c -
      1440 7888 -
      1440 b72c -
      1440 56d8 -
      1440 a124 -
      1440 8104 -
      1440 aebc -
      1440 3830 -
      1440 3c20 -
      1440 a3e8 -
      1440 ad64 -
      1440 79c4 -
Cleaned out 0 stale readers
mdb reader table full -> cleaning up stale readers. Current readers:
    pid     thread     txnid
      1440 52bc -
      1440 118c -
      1440 3cb4 -
      1440 3608 -
      1440 a11c -
      1440 94a8 -
      1440 9614 -
      1440 34e0 -
      1440 5bcc -
      1440 7a04 -
      1440 6f94 -
      1440 7ba4 -
      1440 40dc -
      1440 1814 -
      1440 56b8 -
      1440 8f64 -
      1440 84c4 -
      1440 8fac -
      1440 614 -
      1440 12d0 -
      1440 981c -
      1440 44ac -
      1440 5638 -
      1440 5ee4 -
      1440 9c04 -
      1440 48a8 -
      1440 14cc -
      1440 7e28 -
      1440 8538 -
      1440 65d0 -
      1440 6b50 -
      1440 549c -
      1440 1cc8 -
      1440 c0f0 -
      1440 a930 -
      1440 8150 -
      1440 7f04 -
      1440 280c -
      1440 8df4 -
      1440 3ed4 -
      1440 93cc -
      1440 a35c -
      1440 35c0 -
      1440 3f98 -
      1440 9810 -
      1440 7558 -
      1440 8d7c -
      1440 8a30 -
      1440 6594 -
      1440 448c -
      1440 88c -
      1440 1958 -
      1440 98e4 -
      1440 a1fc -
      1440 a5c0 -
      1440 706c -
      1440 9450 -
      1440 62e0 -
      1440 7ae8 -
      1440 a5e4 -
      1440 83e4 -
      1440 abfc -
      1440 9a20 -
      1440 ad0c -
      1440 3368 -
      1440 2444 -
      1440 9464 -
      1440 a348 -
      1440 3eec -
      1440 ac34 -
      1440 a30c -
      1440 a1b0 -
      1440 ac8c -
      1440 6320 -
      1440 5840 -
      1440 5948 -
      1440 ab50 -
      1440 85a0 -
      1440 75c8 -
      1440 a99c -
      1440 a970 -
      1440 9b68 -
      1440 a898 -
      1440 b15c -
      1440 b210 -
      1440 8ba4 -
      1440 b360 -
      1440 acfc -
      1440 8148 -
      1440 460c -
      1440 7ebc -
      1440 7fe0 -
      1440 7ed4 -
      1440 8d84 -
      1440 7650 -
      1440 a2c4 -
      1440 ab68 -
      1440 a4e0 -
      1440 94d8 -
      1440 9824 -
      1440 6524 -
      1440 9d28 -
      1440 42a8 -
      1440 6af8 -
      1440 ac04 -
      1440 a454 -
      1440 9a14 -
     25416 90dc -
     39000 6b8c -
      1440 ad70 -
      1440 66e0 -
      1440 a150 -
      1440 7974 -
      1440 5898 -
      1440 a71c -
      1440 7888 -
      1440 b72c -
      1440 56d8 -
      1440 a124 -
      1440 8104 -
      1440 aebc -
      1440 3830 -
      1440 3c20 -
      1440 a3e8 -
      1440 ad64 -
      1440 79c4 -
Cleaned out 0 stale readers
mdb reader table full -> cleaning up stale readers. Current readers:
    pid     thread     txnid
      1440 52bc -
      1440 118c -
      1440 3cb4 -
      1440 3608 -
      1440 a11c -
      1440 94a8 -
      1440 9614 -
      1440 34e0 -
      1440 5bcc -
      1440 7a04 -
      1440 6f94 -
      1440 7ba4 -
      1440 40dc -
      1440 1814 -
      1440 56b8 -
      1440 8f64 -
      1440 84c4 -
      1440 8fac -
      1440 614 -
      1440 12d0 -
      1440 981c -
      1440 44ac -
      1440 5638 -
      1440 5ee4 -
      1440 9c04 -
      1440 48a8 -
      1440 14cc -
      1440 7e28 -
      1440 8538 -
      1440 65d0 -
      1440 6b50 -
      1440 549c -
      1440 1cc8 -
      1440 c0f0 -
      1440 a930 -
      1440 8150 -
      1440 7f04 -
      1440 280c -
      1440 8df4 -
      1440 3ed4 -
      1440 93cc -
      1440 a35c -
      1440 35c0 -
      1440 3f98 -
      1440 9810 -
      1440 7558 -
      1440 8d7c -
      1440 8a30 -
      1440 6594 -
      1440 448c -
      1440 88c -
      1440 1958 -
      1440 98e4 -
      1440 a1fc -
      1440 a5c0 -
      1440 706c -
      1440 9450 -
      1440 62e0 -
      1440 7ae8 -
      1440 a5e4 -
      1440 83e4 -
      1440 abfc -
      1440 9a20 -
      1440 ad0c -
      1440 3368 -
      1440 2444 -
      1440 9464 -
      1440 a348 -
      1440 3eec -
      1440 ac34 -
      1440 a30c -
      1440 a1b0 -
      1440 ac8c -
      1440 6320 -
      1440 5840 -
      1440 5948 -
      1440 ab50 -
      1440 85a0 -
      1440 75c8 -
      1440 a99c -
      1440 a970 -
      1440 9b68 -
      1440 a898 -
      1440 b15c -
      1440 b210 -
      1440 8ba4 -
      1440 b360 -
      1440 acfc -
      1440 8148 -
      1440 460c -
      1440 7ebc -
      1440 7fe0 -
      1440 7ed4 -
      1440 8d84 -
      1440 7650 -
      1440 a2c4 -
      1440 ab68 -
      1440 a4e0 -
      1440 94d8 -
      1440 9824 -
      1440 6524 -
      1440 9d28 -
      1440 42a8 -
      1440 6af8 -
      1440 ac04 -
      1440 a454 -
      1440 9a14 -
     25416 90dc -
     39000 6b8c -
      1440 ad70 -
      1440 66e0 -
      1440 a150 -
      1440 7974 -
      1440 5898 -
      1440 a71c -
      1440 7888 -
      1440 b72c -
      1440 56d8 -
      1440 a124 -
      1440 8104 -
      1440 aebc -
      1440 3830 -
      1440 3c20 -
      1440 a3e8 -
      1440 ad64 -
      1440 79c4 -
Cleaned out 0 stale readers
mdb reader table full -> cleaning up stale readers. Current readers:
    pid     thread     txnid
      1440 52bc -
      1440 118c -
      1440 3cb4 -
      1440 3608 -
      1440 a11c -
      1440 94a8 -
      1440 9614 -
      1440 34e0 -
      1440 5bcc -
      1440 7a04 -
      1440 6f94 -
      1440 7ba4 -
      1440 40dc -
      1440 1814 -
      1440 56b8 -
      1440 8f64 -
      1440 84c4 -
      1440 8fac -
      1440 614 -
      1440 12d0 -
      1440 981c -
      1440 44ac -
      1440 5638 -
      1440 5ee4 -
      1440 9c04 -
      1440 48a8 -
      1440 14cc -
      1440 7e28 -
      1440 8538 -
      1440 65d0 -
      1440 6b50 -
      1440 549c -
      1440 1cc8 -
      1440 c0f0 -
      1440 a930 -
      1440 8150 -
      1440 7f04 -
      1440 280c -
      1440 8df4 -
      1440 3ed4 -
      1440 93cc -
      1440 a35c -
      1440 35c0 -
      1440 3f98 -
      1440 9810 -
      1440 7558 -
      1440 8d7c -
      1440 8a30 -
      1440 6594 -
      1440 448c -
      1440 88c -
      1440 1958 -
      1440 98e4 -
      1440 a1fc -
      1440 a5c0 -
      1440 706c -
      1440 9450 -
      1440 62e0 -
      1440 7ae8 -
      1440 a5e4 -
      1440 83e4 -
      1440 abfc -
      1440 9a20 -
      1440 ad0c -
      1440 3368 -
      1440 2444 -
      1440 9464 -
      1440 a348 -
      1440 3eec -
      1440 ac34 -
      1440 a30c -
      1440 a1b0 -
      1440 ac8c -
      1440 6320 -
      1440 5840 -
      1440 5948 -
      1440 ab50 -
      1440 85a0 -
      1440 75c8 -
      1440 a99c -
      1440 a970 -
      1440 9b68 -
      1440 a898 -
      1440 b15c -
      1440 b210 -
      1440 8ba4 -
      1440 b360 -
      1440 acfc -
      1440 8148 -
      1440 460c -
      1440 7ebc -
      1440 7fe0 -
      1440 7ed4 -
      1440 8d84 -
      1440 7650 -
      1440 a2c4 -
      1440 ab68 -
      1440 a4e0 -
      1440 94d8 -
      1440 9824 -
      1440 6524 -
      1440 9d28 -
      1440 42a8 -
      1440 6af8 -
      1440 ac04 -
      1440 a454 -
      1440 9a14 -
     25416 90dc -
     39000 6b8c -
      1440 ad70 -
      1440 66e0 -
      1440 a150 -
      1440 7974 -
      1440 5898 -
      1440 a71c -
      1440 7888 -
      1440 b72c -
      1440 56d8 -
      1440 a124 -
      1440 8104 -
      1440 aebc -
      1440 3830 -
      1440 3c20 -
      1440 a3e8 -
      1440 ad64 -
      1440 79c4 -
Cleaned out 0 stale readers
mdb reader table full -> cleaning up stale readers. Current readers:
    pid     thread     txnid
      1440 52bc -
      1440 118c -
      1440 3cb4 -
      1440 3608 -
      1440 a11c -
      1440 94a8 -
      1440 9614 -
      1440 34e0 -
      1440 5bcc -
      1440 7a04 -
      1440 6f94 -
      1440 7ba4 -
      1440 40dc -
      1440 1814 -
      1440 56b8 -
      1440 8f64 -
      1440 84c4 -
      1440 8fac -
      1440 614 -
      1440 12d0 -
      1440 981c -
      1440 44ac -
      1440 5638 -
      1440 5ee4 -
      1440 9c04 -
      1440 48a8 -
      1440 14cc -
      1440 7e28 -
      1440 8538 -
      1440 65d0 -
      1440 6b50 -
      1440 549c -
      1440 1cc8 -
      1440 c0f0 -
      1440 a930 -
      1440 8150 -
      1440 7f04 -
      1440 280c -
      1440 8df4 -
      1440 3ed4 -
      1440 93cc -
      1440 a35c -
      1440 35c0 -
      1440 3f98 -
      1440 9810 -
      1440 7558 -
      1440 8d7c -
      1440 8a30 -
      1440 6594 -
      1440 448c -
      1440 88c -
      1440 1958 -
      1440 98e4 -
      1440 a1fc -
      1440 a5c0 -
      1440 706c -
      1440 9450 -
      1440 62e0 -
      1440 7ae8 -
      1440 a5e4 -
      1440 83e4 -
      1440 abfc -
      1440 9a20 -
      1440 ad0c -
      1440 3368 -
      1440 2444 -
      1440 9464 -
      1440 a348 -
      1440 3eec -
      1440 ac34 -
      1440 a30c -
      1440 a1b0 -
      1440 ac8c -
      1440 6320 -
      1440 5840 -
      1440 5948 -
      1440 ab50 -
      1440 85a0 -
      1440 75c8 -
      1440 a99c -
      1440 a970 -
      1440 9b68 -
      1440 a898 -
      1440 b15c -
      1440 b210 -
      1440 8ba4 -
      1440 b360 -
      1440 acfc -
      1440 8148 -
      1440 460c -
      1440 7ebc -
      1440 7fe0 -
      1440 7ed4 -
      1440 8d84 -
      1440 7650 -
      1440 a2c4 -
      1440 ab68 -
      1440 a4e0 -
      1440 94d8 -
      1440 9824 -
      1440 6524 -
      1440 9d28 -
      1440 42a8 -
      1440 6af8 -
      1440 ac04 -
      1440 a454 -
      1440 9a14 -
     25416 90dc -
     39000 6b8c -
      1440 ad70 -
      1440 66e0 -
      1440 a150 -
      1440 7974 -
      1440 5898 -
      1440 a71c -
      1440 7888 -
      1440 b72c -
      1440 56d8 -
      1440 a124 -
      1440 8104 -
      1440 aebc -
      1440 3830 -
      1440 3c20 -
      1440 a3e8 -
      1440 ad64 -
      1440 79c4 -
Cleaned out 0 stale readers
mdb reader table full -> cleaning up stale readers. Current readers:
    pid     thread     txnid
      1440 52bc -
      1440 118c -
      1440 3cb4 -
      1440 3608 -
      1440 a11c -
      1440 94a8 -
      1440 9614 -
      1440 34e0 -
      1440 5bcc -
      1440 7a04 -
      1440 6f94 -
      1440 7ba4 -
      1440 40dc -
      1440 1814 -
      1440 56b8 -
      1440 8f64 -
      1440 84c4 -
      1440 8fac -
      1440 614 -
      1440 12d0 -
      1440 981c -
      1440 44ac -
      1440 5638 -
      1440 5ee4 -
      1440 9c04 -
      1440 48a8 -
      1440 14cc -
      1440 7e28 -
      1440 8538 -
      1440 65d0 -
      1440 6b50 -
      1440 549c -
      1440 1cc8 -
      1440 c0f0 -
      1440 a930 -
      1440 8150 -
      1440 7f04 -
      1440 280c -
      1440 8df4 -
      1440 3ed4 -
      1440 93cc -
      1440 a35c -
      1440 35c0 -
      1440 3f98 -
      1440 9810 -
      1440 7558 -
      1440 8d7c -
      1440 8a30 -
      1440 6594 -
      1440 448c -
      1440 88c -
      1440 1958 -
      1440 98e4 -
      1440 a1fc -
      1440 a5c0 -
      1440 706c -
      1440 9450 -
      1440 62e0 -
      1440 7ae8 -
      1440 a5e4 -
      1440 83e4 -
      1440 abfc -
      1440 9a20 -
      1440 ad0c -
      1440 3368 -
      1440 2444 -
      1440 9464 -
      1440 a348 -
      1440 3eec -
      1440 ac34 -
      1440 a30c -
      1440 a1b0 -
      1440 ac8c -
      1440 6320 -
      1440 5840 -
      1440 5948 -
      1440 ab50 -
      1440 85a0 -
      1440 75c8 -
      1440 a99c -
      1440 a970 -
      1440 9b68 -
      1440 a898 -
      1440 b15c -
      1440 b210 -
      1440 8ba4 -
      1440 b360 -
      1440 acfc -
      1440 8148 -
      1440 460c -
      1440 7ebc -
      1440 7fe0 -
      1440 7ed4 -
      1440 8d84 -
      1440 7650 -
      1440 a2c4 -
      1440 ab68 -
      1440 a4e0 -
      1440 94d8 -
      1440 9824 -
      1440 6524 -
      1440 9d28 -
      1440 42a8 -
      1440 6af8 -
      1440 ac04 -
      1440 a454 -
      1440 9a14 -
     25416 90dc -
     39000 6b8c -
      1440 ad70 -
      1440 66e0 -
      1440 a150 -
      1440 7974 -
      1440 5898 -
      1440 a71c -
      1440 7888 -
      1440 b72c -
      1440 56d8 -
      1440 a124 -
      1440 8104 -
      1440 aebc -
      1440 3830 -
      1440 3c20 -
      1440 a3e8 -
      1440 ad64 -
      1440 79c4 -
Cleaned out 0 stale readers
Cannot open transaction. Error -30790 (aborting errors true)
Asset database transaction committed twice!
Assertion failed on expression: 'errors == MDB_SUCCESS || errors == MDB_NOTFOUND'
mdb reader table full -> cleaning up stale readers. Current readers:
    pid     thread     txnid
      1440 52bc -
      1440 118c -
      1440 3cb4 -
      1440 3608 -
      1440 a11c -
      1440 94a8 -
      1440 9614 -
      1440 34e0 -
      1440 5bcc -
      1440 7a04 -
      1440 6f94 -
      1440 7ba4 -
      1440 40dc -
      1440 1814 -
      1440 56b8 -
      1440 8f64 -
      1440 84c4 -
      1440 8fac -
      1440 614 -
      1440 12d0 -
      1440 981c -
      1440 44ac -
      1440 5638 -
      1440 5ee4 -
      1440 9c04 -
      1440 48a8 -
      1440 14cc -
      1440 7e28 -
      1440 8538 -
      1440 65d0 -
      1440 6b50 -
      1440 549c -
      1440 1cc8 -
      1440 c0f0 -
      1440 a930 -
      1440 8150 -
      1440 7f04 -
      1440 280c -
      1440 8df4 -
      1440 3ed4 -
      1440 93cc -
      1440 a35c -
      1440 35c0 -
      1440 3f98 -
      1440 9810 -
      1440 7558 -
      1440 8d7c -
      1440 8a30 -
      1440 6594 -
      1440 448c -
      1440 88c -
      1440 1958 -
      1440 98e4 -
      1440 a1fc -
      1440 a5c0 -
      1440 706c -
      1440 9450 -
      1440 62e0 -
      1440 7ae8 -
      1440 a5e4 -
      1440 83e4 -
      1440 abfc -
      1440 9a20 -
      1440 ad0c -
      1440 3368 -
      1440 2444 -
      1440 9464 -
      1440 a348 -
      1440 3eec -
      1440 ac34 -
      1440 a30c -
      1440 a1b0 -
      1440 ac8c -
      1440 6320 -
      1440 5840 -
      1440 5948 -
      1440 ab50 -
      1440 85a0 -
      1440 75c8 -
      1440 a99c -
      1440 a970 -
      1440 9b68 -
      1440 a898 -
      1440 b15c -
      1440 b210 -
      1440 8ba4 -
      1440 b360 -
      1440 acfc -
      1440 8148 -
      1440 460c -
      1440 7ebc -
      1440 7fe0 -
      1440 7ed4 -
      1440 8d84 -
      1440 7650 -
      1440 a2c4 -
      1440 ab68 -
      1440 a4e0 -
      1440 94d8 -
      1440 9824 -
      1440 6524 -
      1440 9d28 -
      1440 42a8 -
      1440 6af8 -
      1440 ac04 -
      1440 a454 -
      1440 9a14 -
     25416 90dc -
     39000 6b8c -
      1440 ad70 -
      1440 66e0 -
      1440 a150 -
      1440 7974 -
      1440 5898 -
      1440 a71c -
      1440 7888 -
      1440 b72c -
      1440 56d8 -
      1440 a124 -
      1440 8104 -
      1440 aebc -
      1440 3830 -
      1440 3c20 -
      1440 a3e8 -
      1440 ad64 -
      1440 79c4 -
Cleaned out 0 stale readers
mdb reader table full -> cleaning up stale readers. Current readers:
    pid     thread     txnid
      1440 52bc -
      1440 118c -
      1440 3cb4 -
      1440 3608 -
      1440 a11c -
      1440 94a8 -
      1440 9614 -
      1440 34e0 -
      1440 5bcc -
      1440 7a04 -
      1440 6f94 -
      1440 7ba4 -
      1440 40dc -
      1440 1814 -
      1440 56b8 -
      1440 8f64 -
      1440 84c4 -
      1440 8fac -
      1440 614 -
      1440 12d0 -
      1440 981c -
      1440 44ac -
      1440 5638 -
      1440 5ee4 -
      1440 9c04 -
      1440 48a8 -
      1440 14cc -
      1440 7e28 -
      1440 8538 -
      1440 65d0 -
      1440 6b50 -
      1440 549c -
      1440 1cc8 -
      1440 c0f0 -
      1440 a930 -
      1440 8150 -
      1440 7f04 -
      1440 280c -
      1440 8df4 -
      1440 3ed4 -
      1440 93cc -
      1440 a35c -
      1440 35c0 -
      1440 3f98 -
      1440 9810 -
      1440 7558 -
      1440 8d7c -
      1440 8a30 -
      1440 6594 -
      1440 448c -
      1440 88c -
      1440 1958 -
      1440 98e4 -
      1440 a1fc -
      1440 a5c0 -
      1440 706c -
      1440 9450 -
      1440 62e0 -
      1440 7ae8 -
      1440 a5e4 -
      1440 83e4 -
      1440 abfc -
      1440 9a20 -
      1440 ad0c -
      1440 3368 -
      1440 2444 -
      1440 9464 -
      1440 a348 -
      1440 3eec -
      1440 ac34 -
      1440 a30c -
      1440 a1b0 -
      1440 ac8c -
      1440 6320 -
      1440 5840 -
      1440 5948 -
      1440 ab50 -
      1440 85a0 -
      1440 75c8 -
      1440 a99c -
      1440 a970 -
      1440 9b68 -
      1440 a898 -
      1440 b15c -
      1440 b210 -
      1440 8ba4 -
      1440 b360 -
      1440 acfc -
      1440 8148 -
      1440 460c -
      1440 7ebc -
      1440 7fe0 -
      1440 7ed4 -
      1440 8d84 -
      1440 7650 -
      1440 a2c4 -
      1440 ab68 -
      1440 a4e0 -
      1440 94d8 -
      1440 9824 -
      1440 6524 -
      1440 9d28 -
      1440 42a8 -
      1440 6af8 -
      1440 ac04 -
      1440 a454 -
      1440 9a14 -
     25416 90dc -
     39000 6b8c -
      1440 ad70 -
      1440 66e0 -
      1440 a150 -
      1440 7974 -
      1440 5898 -
      1440 a71c -
      1440 7888 -
      1440 b72c -
      1440 56d8 -
      1440 a124 -
      1440 8104 -
      1440 aebc -
      1440 3830 -
      1440 3c20 -
      1440 a3e8 -
      1440 ad64 -
      1440 79c4 -
Cleaned out 0 stale readers
mdb reader table full -> cleaning up stale readers. Current readers:
    pid     thread     txnid
      1440 52bc -
      1440 118c -
      1440 3cb4 -
      1440 3608 -
      1440 a11c -
      1440 94a8 -
      1440 9614 -
      1440 34e0 -
      1440 5bcc -
      1440 7a04 -
      1440 6f94 -
      1440 7ba4 -
      1440 40dc -
      1440 1814 -
      1440 56b8 -
      1440 8f64 -
      1440 84c4 -
      1440 8fac -
      1440 614 -
      1440 12d0 -
      1440 981c -
      1440 44ac -
      1440 5638 -
      1440 5ee4 -
      1440 9c04 -
      1440 48a8 -
      1440 14cc -
      1440 7e28 -
      1440 8538 -
      1440 65d0 -
      1440 6b50 -
      1440 549c -
      1440 1cc8 -
      1440 c0f0 -
      1440 a930 -
      1440 8150 -
      1440 7f04 -
      1440 280c -
      1440 8df4 -
      1440 3ed4 -
      1440 93cc -
      1440 a35c -
      1440 35c0 -
      1440 3f98 -
      1440 9810 -
      1440 7558 -
      1440 8d7c -
      1440 8a30 -
      1440 6594 -
      1440 448c -
      1440 88c -
      1440 1958 -
      1440 98e4 -
      1440 a1fc -
      1440 a5c0 -
      1440 706c -
      1440 9450 -
      1440 62e0 -
      1440 7ae8 -
      1440 a5e4 -
      1440 83e4 -
      1440 abfc -
      1440 9a20 -
      1440 ad0c -
      1440 3368 -
      1440 2444 -
      1440 9464 -
      1440 a348 -
      1440 3eec -
      1440 ac34 -
      1440 a30c -
      1440 a1b0 -
      1440 ac8c -
      1440 6320 -
      1440 5840 -
      1440 5948 -
      1440 ab50 -
      1440 85a0 -
      1440 75c8 -
      1440 a99c -
      1440 a970 -
      1440 9b68 -
      1440 a898 -
      1440 b15c -
      1440 b210 -
      1440 8ba4 -
      1440 b360 -
      1440 acfc -
      1440 8148 -
      1440 460c -
      1440 7ebc -
      1440 7fe0 -
      1440 7ed4 -
      1440 8d84 -
      1440 7650 -
      1440 a2c4 -
      1440 ab68 -
      1440 a4e0 -
      1440 94d8 -
      1440 9824 -
      1440 6524 -
      1440 9d28 -
      1440 42a8 -
      1440 6af8 -
      1440 ac04 -
      1440 a454 -
      1440 9a14 -
     25416 90dc -
     39000 6b8c -
      1440 ad70 -
      1440 66e0 -
      1440 a150 -
      1440 7974 -
      1440 5898 -
      1440 a71c -
      1440 7888 -
      1440 b72c -
      1440 56d8 -
      1440 a124 -
      1440 8104 -
      1440 aebc -
      1440 3830 -
      1440 3c20 -
      1440 a3e8 -
      1440 ad64 -
      1440 79c4 -
Cleaned out 0 stale readers
mdb reader table full -> cleaning up stale readers. Current readers:
    pid     thread     txnid
      1440 52bc -
      1440 118c -
      1440 3cb4 -
      1440 3608 -
      1440 a11c -
      1440 94a8 -
      1440 9614 -
      1440 34e0 -
      1440 5bcc -
      1440 7a04 -
      1440 6f94 -
      1440 7ba4 -
      1440 40dc -
      1440 1814 -
      1440 56b8 -
      1440 8f64 -
      1440 84c4 -
      1440 8fac -
      1440 614 -
      1440 12d0 -
      1440 981c -
      1440 44ac -
      1440 5638 -
      1440 5ee4 -
      1440 9c04 -
      1440 48a8 -
      1440 14cc -
      1440 7e28 -
      1440 8538 -
      1440 65d0 -
      1440 6b50 -
      1440 549c -
      1440 1cc8 -
      1440 c0f0 -
      1440 a930 -
      1440 8150 -
      1440 7f04 -
      1440 280c -
      1440 8df4 -
      1440 3ed4 -
      1440 93cc -
      1440 a35c -
      1440 35c0 -
      1440 3f98 -
      1440 9810 -
      1440 7558 -
      1440 8d7c -
      1440 8a30 -
      1440 6594 -
      1440 448c -
      1440 88c -
      1440 1958 -
      1440 98e4 -
      1440 a1fc -
      1440 a5c0 -
      1440 706c -
      1440 9450 -
      1440 62e0 -
      1440 7ae8 -
      1440 a5e4 -
      1440 83e4 -
      1440 abfc -
      1440 9a20 -
      1440 ad0c -
      1440 3368 -
      1440 2444 -
      1440 9464 -
      1440 a348 -
      1440 3eec -
      1440 ac34 -
      1440 a30c -
      1440 a1b0 -
      1440 ac8c -
      1440 6320 -
      1440 5840 -
      1440 5948 -
      1440 ab50 -
      1440 85a0 -
      1440 75c8 -
      1440 a99c -
      1440 a970 -
      1440 9b68 -
      1440 a898 -
      1440 b15c -
      1440 b210 -
      1440 8ba4 -
      1440 b360 -
      1440 acfc -
      1440 8148 -
      1440 460c -
      1440 7ebc -
      1440 7fe0 -
      1440 7ed4 -
      1440 8d84 -
      1440 7650 -
      1440 a2c4 -
      1440 ab68 -
      1440 a4e0 -
      1440 94d8 -
      1440 9824 -
      1440 6524 -
      1440 9d28 -
      1440 42a8 -
      1440 6af8 -
      1440 ac04 -
      1440 a454 -
      1440 9a14 -
     25416 90dc -
     39000 6b8c -
      1440 ad70 -
      1440 66e0 -
      1440 a150 -
      1440 7974 -
      1440 5898 -
      1440 a71c -
      1440 7888 -
      1440 b72c -
      1440 56d8 -
      1440 a124 -
      1440 8104 -
      1440 aebc -
      1440 3830 -
      1440 3c20 -
      1440 a3e8 -
      1440 ad64 -
      1440 79c4 -
Cleaned out 0 stale readers
mdb reader table full -> cleaning up stale readers. Current readers:
    pid     thread     txnid
      1440 52bc -
      1440 118c -
      1440 3cb4 -
      1440 3608 -
      1440 a11c -
      1440 94a8 -
      1440 9614 -
      1440 34e0 -
      1440 5bcc -
      1440 7a04 -
      1440 6f94 -
      1440 7ba4 -
      1440 40dc -
      1440 1814 -
      1440 56b8 -
      1440 8f64 -
      1440 84c4 -
      1440 8fac -
      1440 614 -
      1440 12d0 -
      1440 981c -
      1440 44ac -
      1440 5638 -
      1440 5ee4 -
      1440 9c04 -
      1440 48a8 -
      1440 14cc -
      1440 7e28 -
      1440 8538 -
      1440 65d0 -
      1440 6b50 -
      1440 549c -
      1440 1cc8 -
      1440 c0f0 -
      1440 a930 -
      1440 8150 -
      1440 7f04 -
      1440 280c -
      1440 8df4 -
      1440 3ed4 -
      1440 93cc -
      1440 a35c -
      1440 35c0 -
      1440 3f98 -
      1440 9810 -
      1440 7558 -
      1440 8d7c -
      1440 8a30 -
      1440 6594 -
      1440 448c -
      1440 88c -
      1440 1958 -
      1440 98e4 -
      1440 a1fc -
      1440 a5c0 -
      1440 706c -
      1440 9450 -
      1440 62e0 -
      1440 7ae8 -
      1440 a5e4 -
      1440 83e4 -
      1440 abfc -
      1440 9a20 -
      1440 ad0c -
      1440 3368 -
      1440 2444 -
      1440 9464 -
      1440 a348 -
      1440 3eec -
      1440 ac34 -
      1440 a30c -
      1440 a1b0 -
      1440 ac8c -
      1440 6320 -
      1440 5840 -
      1440 5948 -
      1440 ab50 -
      1440 85a0 -
      1440 75c8 -
      1440 a99c -
      1440 a970 -
      1440 9b68 -
      1440 a898 -
      1440 b15c -
      1440 b210 -
      1440 8ba4 -
      1440 b360 -
      1440 acfc -
      1440 8148 -
      1440 460c -
      1440 7ebc -
      1440 7fe0 -
      1440 7ed4 -
      1440 8d84 -
      1440 7650 -
      1440 a2c4 -
      1440 ab68 -
      1440 a4e0 -
      1440 94d8 -
      1440 9824 -
      1440 6524 -
      1440 9d28 -
      1440 42a8 -
      1440 6af8 -
      1440 ac04 -
      1440 a454 -
      1440 9a14 -
     25416 90dc -
     39000 6b8c -
      1440 ad70 -
      1440 66e0 -
      1440 a150 -
      1440 7974 -
      1440 5898 -
      1440 a71c -
      1440 7888 -
      1440 b72c -
      1440 56d8 -
      1440 a124 -
      1440 8104 -
      1440 aebc -
      1440 3830 -
      1440 3c20 -
      1440 a3e8 -
      1440 ad64 -
      1440 79c4 -
Cleaned out 0 stale readers
mdb reader table full -> cleaning up stale readers. Current readers:
    pid     thread     txnid
      1440 52bc -
      1440 118c -
      1440 3cb4 -
      1440 3608 -
      1440 a11c -
      1440 94a8 -
      1440 9614 -
      1440 34e0 -
      1440 5bcc -
      1440 7a04 -
      1440 6f94 -
      1440 7ba4 -
      1440 40dc -
      1440 1814 -
      1440 56b8 -
      1440 8f64 -
      1440 84c4 -
      1440 8fac -
      1440 614 -
      1440 12d0 -
      1440 981c -
      1440 44ac -
      1440 5638 -
      1440 5ee4 -
      1440 9c04 -
      1440 48a8 -
      1440 14cc -
      1440 7e28 -
      1440 8538 -
      1440 65d0 -
      1440 6b50 -
      1440 549c -
      1440 1cc8 -
      1440 c0f0 -
      1440 a930 -
      1440 8150 -
      1440 7f04 -
      1440 280c -
      1440 8df4 -
      1440 3ed4 -
      1440 93cc -
      1440 a35c -
      1440 35c0 -
      1440 3f98 -
      1440 9810 -
      1440 7558 -
      1440 8d7c -
      1440 8a30 -
      1440 6594 -
      1440 448c -
      1440 88c -
      1440 1958 -
      1440 98e4 -
      1440 a1fc -
      1440 a5c0 -
      1440 706c -
      1440 9450 -
      1440 62e0 -
      1440 7ae8 -
      1440 a5e4 -
      1440 83e4 -
      1440 abfc -
      1440 9a20 -
      1440 ad0c -
      1440 3368 -
      1440 2444 -
      1440 9464 -
      1440 a348 -
      1440 3eec -
      1440 ac34 -
      1440 a30c -
      1440 a1b0 -
      1440 ac8c -
      1440 6320 -
      1440 5840 -
      1440 5948 -
      1440 ab50 -
      1440 85a0 -
      1440 75c8 -
      1440 a99c -
      1440 a970 -
      1440 9b68 -
      1440 a898 -
      1440 b15c -
      1440 b210 -
      1440 8ba4 -
      1440 b360 -
      1440 acfc -
      1440 8148 -
      1440 460c -
      1440 7ebc -
      1440 7fe0 -
      1440 7ed4 -
      1440 8d84 -
      1440 7650 -
      1440 a2c4 -
      1440 ab68 -
      1440 a4e0 -
      1440 94d8 -
      1440 9824 -
      1440 6524 -
      1440 9d28 -
      1440 42a8 -
      1440 6af8 -
      1440 ac04 -
      1440 a454 -
      1440 9a14 -
     25416 90dc -
     39000 6b8c -
      1440 ad70 -
      1440 66e0 -
      1440 a150 -
      1440 7974 -
      1440 5898 -
      1440 a71c -
      1440 7888 -
      1440 b72c -
      1440 56d8 -
      1440 a124 -
      1440 8104 -
      1440 aebc -
      1440 3830 -
      1440 3c20 -
      1440 a3e8 -
      1440 ad64 -
      1440 79c4 -
Cleaned out 0 stale readers
Cannot open transaction. Error -30790 (aborting errors true)
Asset database transaction committed twice!
Assertion failed on expression: 'errors == MDB_SUCCESS || errors == MDB_NOTFOUND'
mdb reader table full -> cleaning up stale readers. Current readers:
    pid     thread     txnid
      1440 52bc -
      1440 118c -
      1440 3cb4 -
      1440 3608 -
      1440 a11c -
      1440 94a8 -
      1440 9614 -
      1440 34e0 -
      1440 5bcc -
      1440 7a04 -
      1440 6f94 -
      1440 7ba4 -
      1440 40dc -
      1440 1814 -
      1440 56b8 -
      1440 8f64 -
      1440 84c4 -
      1440 8fac -
      1440 614 -
      1440 12d0 -
      1440 981c -
      1440 44ac -
      1440 5638 -
      1440 5ee4 -
      1440 9c04 -
      1440 48a8 -
      1440 14cc -
      1440 7e28 -
      1440 8538 -
      1440 65d0 -
      1440 6b50 -
      1440 549c -
      1440 1cc8 -
      1440 c0f0 -
      1440 a930 -
      1440 8150 -
      1440 7f04 -
      1440 280c -
      1440 8df4 -
      1440 3ed4 -
      1440 93cc -
      1440 a35c -
      1440 35c0 -
      1440 3f98 -
      1440 9810 -
      1440 7558 -
      1440 8d7c -
      1440 8a30 -
      1440 6594 -
      1440 448c -
      1440 88c -
      1440 1958 -
      1440 98e4 -
      1440 a1fc -
      1440 a5c0 -
      1440 706c -
      1440 9450 -
      1440 62e0 -
      1440 7ae8 -
      1440 a5e4 -
      1440 83e4 -
      1440 abfc -
      1440 9a20 -
      1440 ad0c -
      1440 3368 -
      1440 2444 -
      1440 9464 -
      1440 a348 -
      1440 3eec -
      1440 ac34 -
      1440 a30c -
      1440 a1b0 -
      1440 ac8c -
      1440 6320 -
      1440 5840 -
      1440 5948 -
      1440 ab50 -
      1440 85a0 -
      1440 75c8 -
      1440 a99c -
      1440 a970 -
      1440 9b68 -
      1440 a898 -
      1440 b15c -
      1440 b210 -
      1440 8ba4 -
      1440 b360 -
      1440 acfc -
      1440 8148 -
      1440 460c -
      1440 7ebc -
      1440 7fe0 -
      1440 7ed4 -
      1440 8d84 -
      1440 7650 -
      1440 a2c4 -
      1440 ab68 -
      1440 a4e0 -
      1440 94d8 -
      1440 9824 -
      1440 6524 -
      1440 9d28 -
      1440 42a8 -
      1440 6af8 -
      1440 ac04 -
      1440 a454 -
      1440 9a14 -
     25416 90dc -
     39000 6b8c -
      1440 ad70 -
      1440 66e0 -
      1440 a150 -
      1440 7974 -
      1440 5898 -
      1440 a71c -
      1440 7888 -
      1440 b72c -
      1440 56d8 -
      1440 a124 -
      1440 8104 -
      1440 aebc -
      1440 3830 -
      1440 3c20 -
      1440 a3e8 -
      1440 ad64 -
      1440 79c4 -
Cleaned out 0 stale readers
mdb reader table full -> cleaning up stale readers. Current readers:
    pid     thread     txnid
      1440 52bc -
      1440 118c -
      1440 3cb4 -
      1440 3608 -
      1440 a11c -
      1440 94a8 -
      1440 9614 -
      1440 34e0 -
      1440 5bcc -
      1440 7a04 -
      1440 6f94 -
      1440 7ba4 -
      1440 40dc -
      1440 1814 -
      1440 56b8 -
      1440 8f64 -
      1440 84c4 -
      1440 8fac -
      1440 614 -
      1440 12d0 -
      1440 981c -
      1440 44ac -
      1440 5638 -
      1440 5ee4 -
      1440 9c04 -
      1440 48a8 -
      1440 14cc -
      1440 7e28 -
      1440 8538 -
      1440 65d0 -
      1440 6b50 -
      1440 549c -
      1440 1cc8 -
      1440 c0f0 -
      1440 a930 -
      1440 8150 -
      1440 7f04 -
      1440 280c -
      1440 8df4 -
      1440 3ed4 -
      1440 93cc -
      1440 a35c -
      1440 35c0 -
      1440 3f98 -
      1440 9810 -
      1440 7558 -
      1440 8d7c -
      1440 8a30 -
      1440 6594 -
      1440 448c -
      1440 88c -
      1440 1958 -
      1440 98e4 -
      1440 a1fc -
      1440 a5c0 -
      1440 706c -
      1440 9450 -
      1440 62e0 -
      1440 7ae8 -
      1440 a5e4 -
      1440 83e4 -
      1440 abfc -
      1440 9a20 -
      1440 ad0c -
      1440 3368 -
      1440 2444 -
      1440 9464 -
      1440 a348 -
      1440 3eec -
      1440 ac34 -
      1440 a30c -
      1440 a1b0 -
      1440 ac8c -
      1440 6320 -
      1440 5840 -
      1440 5948 -
      1440 ab50 -
      1440 85a0 -
      1440 75c8 -
      1440 a99c -
      1440 a970 -
      1440 9b68 -
      1440 a898 -
      1440 b15c -
      1440 b210 -
      1440 8ba4 -
      1440 b360 -
      1440 acfc -
      1440 8148 -
      1440 460c -
      1440 7ebc -
      1440 7fe0 -
      1440 7ed4 -
      1440 8d84 -
      1440 7650 -
      1440 a2c4 -
      1440 ab68 -
      1440 a4e0 -
      1440 94d8 -
      1440 9824 -
      1440 6524 -
      1440 9d28 -
      1440 42a8 -
      1440 6af8 -
      1440 ac04 -
      1440 a454 -
      1440 9a14 -
     25416 90dc -
     39000 6b8c -
      1440 ad70 -
      1440 66e0 -
      1440 a150 -
      1440 7974 -
      1440 5898 -
      1440 a71c -
      1440 7888 -
      1440 b72c -
      1440 56d8 -
      1440 a124 -
      1440 8104 -
      1440 aebc -
      1440 3830 -
      1440 3c20 -
      1440 a3e8 -
      1440 ad64 -
      1440 79c4 -
Cleaned out 0 stale readers
mdb reader table full -> cleaning up stale readers. Current readers:
    pid     thread     txnid
      1440 52bc -
      1440 118c -
      1440 3cb4 -
      1440 3608 -
      1440 a11c -
      1440 94a8 -
      1440 9614 -
      1440 34e0 -
      1440 5bcc -
      1440 7a04 -
      1440 6f94 -
      1440 7ba4 -
      1440 40dc -
      1440 1814 -
      1440 56b8 -
      1440 8f64 -
      1440 84c4 -
      1440 8fac -
      1440 614 -
      1440 12d0 -
      1440 981c -
      1440 44ac -
      1440 5638 -
      1440 5ee4 -
      1440 9c04 -
      1440 48a8 -
      1440 14cc -
      1440 7e28 -
      1440 8538 -
      1440 65d0 -
      1440 6b50 -
      1440 549c -
      1440 1cc8 -
      1440 c0f0 -
      1440 a930 -
      1440 8150 -
      1440 7f04 -
      1440 280c -
      1440 8df4 -
      1440 3ed4 -
      1440 93cc -
      1440 a35c -
      1440 35c0 -
      1440 3f98 -
      1440 9810 -
      1440 7558 -
      1440 8d7c -
      1440 8a30 -
      1440 6594 -
      1440 448c -
      1440 88c -
      1440 1958 -
      1440 98e4 -
      1440 a1fc -
      1440 a5c0 -
      1440 706c -
      1440 9450 -
      1440 62e0 -
      1440 7ae8 -
      1440 a5e4 -
      1440 83e4 -
      1440 abfc -
      1440 9a20 -
      1440 ad0c -
      1440 3368 -
      1440 2444 -
      1440 9464 -
      1440 a348 -
      1440 3eec -
      1440 ac34 -
      1440 a30c -
      1440 a1b0 -
      1440 ac8c -
      1440 6320 -
      1440 5840 -
      1440 5948 -
      1440 ab50 -
      1440 85a0 -
      1440 75c8 -
      1440 a99c -
      1440 a970 -
      1440 9b68 -
      1440 a898 -
      1440 b15c -
      1440 b210 -
      1440 8ba4 -
      1440 b360 -
      1440 acfc -
      1440 8148 -
      1440 460c -
      1440 7ebc -
      1440 7fe0 -
      1440 7ed4 -
      1440 8d84 -
      1440 7650 -
      1440 a2c4 -
      1440 ab68 -
      1440 a4e0 -
      1440 94d8 -
      1440 9824 -
      1440 6524 -
      1440 9d28 -
      1440 42a8 -
      1440 6af8 -
      1440 ac04 -
      1440 a454 -
      1440 9a14 -
     25416 90dc -
     39000 6b8c -
      1440 ad70 -
      1440 66e0 -
      1440 a150 -
      1440 7974 -
      1440 5898 -
      1440 a71c -
      1440 7888 -
      1440 b72c -
      1440 56d8 -
      1440 a124 -
      1440 8104 -
      1440 aebc -
      1440 3830 -
      1440 3c20 -
      1440 a3e8 -
      1440 ad64 -
      1440 79c4 -
Cleaned out 0 stale readers
mdb reader table full -> cleaning up stale readers. Current readers:
    pid     thread     txnid
      1440 52bc -
      1440 118c -
      1440 3cb4 -
      1440 3608 -
      1440 a11c -
      1440 94a8 -
      1440 9614 -
      1440 34e0 -
      1440 5bcc -
      1440 7a04 -
      1440 6f94 -
      1440 7ba4 -
      1440 40dc -
      1440 1814 -
      1440 56b8 -
      1440 8f64 -
      1440 84c4 -
      1440 8fac -
      1440 614 -
      1440 12d0 -
      1440 981c -
      1440 44ac -
      1440 5638 -
      1440 5ee4 -
      1440 9c04 -
      1440 48a8 -
      1440 14cc -
      1440 7e28 -
      1440 8538 -
      1440 65d0 -
      1440 6b50 -
      1440 549c -
      1440 1cc8 -
      1440 c0f0 -
      1440 a930 -
      1440 8150 -
      1440 7f04 -
      1440 280c -
      1440 8df4 -
      1440 3ed4 -
      1440 93cc -
      1440 a35c -
      1440 35c0 -
      1440 3f98 -
      1440 9810 -
      1440 7558 -
      1440 8d7c -
      1440 8a30 -
      1440 6594 -
      1440 448c -
      1440 88c -
      1440 1958 -
      1440 98e4 -
      1440 a1fc -
      1440 a5c0 -
      1440 706c -
      1440 9450 -
      1440 62e0 -
      1440 7ae8 -
      1440 a5e4 -
      1440 83e4 -
      1440 abfc -
      1440 9a20 -
      1440 ad0c -
      1440 3368 -
      1440 2444 -
      1440 9464 -
      1440 a348 -
      1440 3eec -
      1440 ac34 -
      1440 a30c -
      1440 a1b0 -
      1440 ac8c -
      1440 6320 -
      1440 5840 -
      1440 5948 -
      1440 ab50 -
      1440 85a0 -
      1440 75c8 -
      1440 a99c -
      1440 a970 -
      1440 9b68 -
      1440 a898 -
      1440 b15c -
      1440 b210 -
      1440 8ba4 -
      1440 b360 -
      1440 acfc -
      1440 8148 -
      1440 460c -
      1440 7ebc -
      1440 7fe0 -
      1440 7ed4 -
      1440 8d84 -
      1440 7650 -
      1440 a2c4 -
      1440 ab68 -
      1440 a4e0 -
      1440 94d8 -
      1440 9824 -
      1440 6524 -
      1440 9d28 -
      1440 42a8 -
      1440 6af8 -
      1440 ac04 -
      1440 a454 -
      1440 9a14 -
     25416 90dc -
     39000 6b8c -
      1440 ad70 -
      1440 66e0 -
      1440 a150 -
      1440 7974 -
      1440 5898 -
      1440 a71c -
      1440 7888 -
      1440 b72c -
      1440 56d8 -
      1440 a124 -
      1440 8104 -
      1440 aebc -
      1440 3830 -
      1440 3c20 -
      1440 a3e8 -
      1440 ad64 -
      1440 79c4 -
Cleaned out 0 stale readers
mdb reader table full -> cleaning up stale readers. Current readers:
    pid     thread     txnid
      1440 52bc -
      1440 118c -
      1440 3cb4 -
      1440 3608 -
      1440 a11c -
      1440 94a8 -
      1440 9614 -
      1440 34e0 -
      1440 5bcc -
      1440 7a04 -
      1440 6f94 -
      1440 7ba4 -
      1440 40dc -
      1440 1814 -
      1440 56b8 -
      1440 8f64 -
      1440 84c4 -
      1440 8fac -
      1440 614 -
      1440 12d0 -
      1440 981c -
      1440 44ac -
      1440 5638 -
      1440 5ee4 -
      1440 9c04 -
      1440 48a8 -
      1440 14cc -
      1440 7e28 -
      1440 8538 -
      1440 65d0 -
      1440 6b50 -
      1440 549c -
      1440 1cc8 -
      1440 c0f0 -
      1440 a930 -
      1440 8150 -
      1440 7f04 -
      1440 280c -
      1440 8df4 -
      1440 3ed4 -
      1440 93cc -
      1440 a35c -
      1440 35c0 -
      1440 3f98 -
      1440 9810 -
      1440 7558 -
      1440 8d7c -
      1440 8a30 -
      1440 6594 -
      1440 448c -
      1440 88c -
      1440 1958 -
      1440 98e4 -
      1440 a1fc -
      1440 a5c0 -
      1440 706c -
      1440 9450 -
      1440 62e0 -
      1440 7ae8 -
      1440 a5e4 -
      1440 83e4 -
      1440 abfc -
      1440 9a20 -
      1440 ad0c -
      1440 3368 -
      1440 2444 -
      1440 9464 -
      1440 a348 -
      1440 3eec -
      1440 ac34 -
      1440 a30c -
      1440 a1b0 -
      1440 ac8c -
      1440 6320 -
      1440 5840 -
      1440 5948 -
      1440 ab50 -
      1440 85a0 -
      1440 75c8 -
      1440 a99c -
      1440 a970 -
      1440 9b68 -
      1440 a898 -
      1440 b15c -
      1440 b210 -
      1440 8ba4 -
      1440 b360 -
      1440 acfc -
      1440 8148 -
      1440 460c -
      1440 7ebc -
      1440 7fe0 -
      1440 7ed4 -
      1440 8d84 -
      1440 7650 -
      1440 a2c4 -
      1440 ab68 -
      1440 a4e0 -
      1440 94d8 -
      1440 9824 -
      1440 6524 -
      1440 9d28 -
      1440 42a8 -
      1440 6af8 -
      1440 ac04 -
      1440 a454 -
      1440 9a14 -
     25416 90dc -
     39000 6b8c -
      1440 ad70 -
      1440 66e0 -
      1440 a150 -
      1440 7974 -
      1440 5898 -
      1440 a71c -
      1440 7888 -
      1440 b72c -
      1440 56d8 -
      1440 a124 -
      1440 8104 -
      1440 aebc -
      1440 3830 -
      1440 3c20 -
      1440 a3e8 -
      1440 ad64 -
      1440 79c4 -
Cleaned out 0 stale readers
mdb reader table full -> cleaning up stale readers. Current readers:
    pid     thread     txnid
      1440 52bc -
      1440 118c -
      1440 3cb4 -
      1440 3608 -
      1440 a11c -
      1440 94a8 -
      1440 9614 -
      1440 34e0 -
      1440 5bcc -
      1440 7a04 -
      1440 6f94 -
      1440 7ba4 -
      1440 40dc -
      1440 1814 -
      1440 56b8 -
      1440 8f64 -
      1440 84c4 -
      1440 8fac -
      1440 614 -
      1440 12d0 -
      1440 981c -
      1440 44ac -
      1440 5638 -
      1440 5ee4 -
      1440 9c04 -
      1440 48a8 -
      1440 14cc -
      1440 7e28 -
      1440 8538 -
      1440 65d0 -
      1440 6b50 -
      1440 549c -
      1440 1cc8 -
      1440 c0f0 -
      1440 a930 -
      1440 8150 -
      1440 7f04 -
      1440 280c -
      1440 8df4 -
      1440 3ed4 -
      1440 93cc -
      1440 a35c -
      1440 35c0 -
      1440 3f98 -
      1440 9810 -
      1440 7558 -
      1440 8d7c -
      1440 8a30 -
      1440 6594 -
      1440 448c -
      1440 88c -
      1440 1958 -
      1440 98e4 -
      1440 a1fc -
      1440 a5c0 -
      1440 706c -
      1440 9450 -
      1440 62e0 -
      1440 7ae8 -
      1440 a5e4 -
      1440 83e4 -
      1440 abfc -
      1440 9a20 -
      1440 ad0c -
      1440 3368 -
      1440 2444 -
      1440 9464 -
      1440 a348 -
      1440 3eec -
      1440 ac34 -
      1440 a30c -
      1440 a1b0 -
      1440 ac8c -
      1440 6320 -
      1440 5840 -
      1440 5948 -
      1440 ab50 -
      1440 85a0 -
      1440 75c8 -
      1440 a99c -
      1440 a970 -
      1440 9b68 -
      1440 a898 -
      1440 b15c -
      1440 b210 -
      1440 8ba4 -
      1440 b360 -
      1440 acfc -
      1440 8148 -
      1440 460c -
      1440 7ebc -
      1440 7fe0 -
      1440 7ed4 -
      1440 8d84 -
      1440 7650 -
      1440 a2c4 -
      1440 ab68 -
      1440 a4e0 -
      1440 94d8 -
      1440 9824 -
      1440 6524 -
      1440 9d28 -
      1440 42a8 -
      1440 6af8 -
      1440 ac04 -
      1440 a454 -
      1440 9a14 -
     25416 90dc -
     39000 6b8c -
      1440 ad70 -
      1440 66e0 -
      1440 a150 -
      1440 7974 -
      1440 5898 -
      1440 a71c -
      1440 7888 -
      1440 b72c -
      1440 56d8 -
      1440 a124 -
      1440 8104 -
      1440 aebc -
      1440 3830 -
      1440 3c20 -
      1440 a3e8 -
      1440 ad64 -
      1440 79c4 -
Cleaned out 0 stale readers
Cannot open transaction. Error -30790 (aborting errors true)
Asset database transaction committed twice!
Assertion failed on expression: 'errors == MDB_SUCCESS || errors == MDB_NOTFOUND'
mdb reader table full -> cleaning up stale readers. Current readers:
    pid     thread     txnid
      1440 52bc -
      1440 118c -
      1440 3cb4 -
      1440 3608 -
      1440 a11c -
      1440 94a8 -
      1440 9614 -
      1440 34e0 -
      1440 5bcc -
      1440 7a04 -
      1440 6f94 -
      1440 7ba4 -
      1440 40dc -
      1440 1814 -
      1440 56b8 -
      1440 8f64 -
      1440 84c4 -
      1440 8fac -
      1440 614 -
      1440 12d0 -
      1440 981c -
      1440 44ac -
      1440 5638 -
      1440 5ee4 -
      1440 9c04 -
      1440 48a8 -
      1440 14cc -
      1440 7e28 -
      1440 8538 -
      1440 65d0 -
      1440 6b50 -
      1440 549c -
      1440 1cc8 -
      1440 c0f0 -
      1440 a930 -
      1440 8150 -
      1440 7f04 -
      1440 280c -
      1440 8df4 -
      1440 3ed4 -
      1440 93cc -
      1440 a35c -
      1440 35c0 -
      1440 3f98 -
      1440 9810 -
      1440 7558 -
      1440 8d7c -
      1440 8a30 -
      1440 6594 -
      1440 448c -
      1440 88c -
      1440 1958 -
      1440 98e4 -
      1440 a1fc -
      1440 a5c0 -
      1440 706c -
      1440 9450 -
      1440 62e0 -
      1440 7ae8 -
      1440 a5e4 -
      1440 83e4 -
      1440 abfc -
      1440 9a20 -
      1440 ad0c -
      1440 3368 -
      1440 2444 -
      1440 9464 -
      1440 a348 -
      1440 3eec -
      1440 ac34 -
      1440 a30c -
      1440 a1b0 -
      1440 ac8c -
      1440 6320 -
      1440 5840 -
      1440 5948 -
      1440 ab50 -
      1440 85a0 -
      1440 75c8 -
      1440 a99c -
      1440 a970 -
      1440 9b68 -
      1440 a898 -
      1440 b15c -
      1440 b210 -
      1440 8ba4 -
      1440 b360 -
      1440 acfc -
      1440 8148 -
      1440 460c -
      1440 7ebc -
      1440 7fe0 -
      1440 7ed4 -
      1440 8d84 -
      1440 7650 -
      1440 a2c4 -
      1440 ab68 -
      1440 a4e0 -
      1440 94d8 -
      1440 9824 -
      1440 6524 -
      1440 9d28 -
      1440 42a8 -
      1440 6af8 -
      1440 ac04 -
      1440 a454 -
      1440 9a14 -
     25416 90dc -
     39000 6b8c -
      1440 ad70 -
      1440 66e0 -
      1440 a150 -
      1440 7974 -
      1440 5898 -
      1440 a71c -
      1440 7888 -
      1440 b72c -
      1440 56d8 -
      1440 a124 -
      1440 8104 -
      1440 aebc -
      1440 3830 -
      1440 3c20 -
      1440 a3e8 -
      1440 ad64 -
      1440 79c4 -
Cleaned out 0 stale readers
mdb reader table full -> cleaning up stale readers. Current readers:
    pid     thread     txnid
      1440 52bc -
      1440 118c -
      1440 3cb4 -
      1440 3608 -
      1440 a11c -
      1440 94a8 -
      1440 9614 -
      1440 34e0 -
      1440 5bcc -
      1440 7a04 -
      1440 6f94 -
      1440 7ba4 -
      1440 40dc -
      1440 1814 -
      1440 56b8 -
      1440 8f64 -
      1440 84c4 -
      1440 8fac -
      1440 614 -
      1440 12d0 -
      1440 981c -
      1440 44ac -
      1440 5638 -
      1440 5ee4 -
      1440 9c04 -
      1440 48a8 -
      1440 14cc -
      1440 7e28 -
      1440 8538 -
      1440 65d0 -
      1440 6b50 -
      1440 549c -
      1440 1cc8 -
      1440 c0f0 -
      1440 a930 -
      1440 8150 -
      1440 7f04 -
      1440 280c -
      1440 8df4 -
      1440 3ed4 -
      1440 93cc -
      1440 a35c -
      1440 35c0 -
      1440 3f98 -
      1440 9810 -
      1440 7558 -
      1440 8d7c -
      1440 8a30 -
      1440 6594 -
      1440 448c -
      1440 88c -
      1440 1958 -
      1440 98e4 -
      1440 a1fc -
      1440 a5c0 -
      1440 706c -
      1440 9450 -
      1440 62e0 -
      1440 7ae8 -
      1440 a5e4 -
      1440 83e4 -
      1440 abfc -
      1440 9a20 -
      1440 ad0c -
      1440 3368 -
      1440 2444 -
      1440 9464 -
      1440 a348 -
      1440 3eec -
      1440 ac34 -
      1440 a30c -
      1440 a1b0 -
      1440 ac8c -
      1440 6320 -
      1440 5840 -
      1440 5948 -
      1440 ab50 -
      1440 85a0 -
      1440 75c8 -
      1440 a99c -
      1440 a970 -
      1440 9b68 -
      1440 a898 -
      1440 b15c -
      1440 b210 -
      1440 8ba4 -
      1440 b360 -
      1440 acfc -
      1440 8148 -
      1440 460c -
      1440 7ebc -
      1440 7fe0 -
      1440 7ed4 -
      1440 8d84 -
      1440 7650 -
      1440 a2c4 -
      1440 ab68 -
      1440 a4e0 -
      1440 94d8 -
      1440 9824 -
      1440 6524 -
      1440 9d28 -
      1440 42a8 -
      1440 6af8 -
      1440 ac04 -
      1440 a454 -
      1440 9a14 -
     25416 90dc -
     39000 6b8c -
      1440 ad70 -
      1440 66e0 -
      1440 a150 -
      1440 7974 -
      1440 5898 -
      1440 a71c -
      1440 7888 -
      1440 b72c -
      1440 56d8 -
      1440 a124 -
      1440 8104 -
      1440 aebc -
      1440 3830 -
      1440 3c20 -
      1440 a3e8 -
      1440 ad64 -
      1440 79c4 -
Cleaned out 0 stale readers
mdb reader table full -> cleaning up stale readers. Current readers:
    pid     thread     txnid
      1440 52bc -
      1440 118c -
      1440 3cb4 -
      1440 3608 -
      1440 a11c -
      1440 94a8 -
      1440 9614 -
      1440 34e0 -
      1440 5bcc -
      1440 7a04 -
      1440 6f94 -
      1440 7ba4 -
      1440 40dc -
      1440 1814 -
      1440 56b8 -
      1440 8f64 -
      1440 84c4 -
      1440 8fac -
      1440 614 -
      1440 12d0 -
      1440 981c -
      1440 44ac -
      1440 5638 -
      1440 5ee4 -
      1440 9c04 -
      1440 48a8 -
      1440 14cc -
      1440 7e28 -
      1440 8538 -
      1440 65d0 -
      1440 6b50 -
      1440 549c -
      1440 1cc8 -
      1440 c0f0 -
      1440 a930 -
      1440 8150 -
      1440 7f04 -
      1440 280c -
      1440 8df4 -
      1440 3ed4 -
      1440 93cc -
      1440 a35c -
      1440 35c0 -
      1440 3f98 -
      1440 9810 -
      1440 7558 -
      1440 8d7c -
      1440 8a30 -
      1440 6594 -
      1440 448c -
      1440 88c -
      1440 1958 -
      1440 98e4 -
      1440 a1fc -
      1440 a5c0 -
      1440 706c -
      1440 9450 -
      1440 62e0 -
      1440 7ae8 -
      1440 a5e4 -
      1440 83e4 -
      1440 abfc -
      1440 9a20 -
      1440 ad0c -
      1440 3368 -
      1440 2444 -
      1440 9464 -
      1440 a348 -
      1440 3eec -
      1440 ac34 -
      1440 a30c -
      1440 a1b0 -
      1440 ac8c -
      1440 6320 -
      1440 5840 -
      1440 5948 -
      1440 ab50 -
      1440 85a0 -
      1440 75c8 -
      1440 a99c -
      1440 a970 -
      1440 9b68 -
      1440 a898 -
      1440 b15c -
      1440 b210 -
      1440 8ba4 -
      1440 b360 -
      1440 acfc -
      1440 8148 -
      1440 460c -
      1440 7ebc -
      1440 7fe0 -
      1440 7ed4 -
      1440 8d84 -
      1440 7650 -
      1440 a2c4 -
      1440 ab68 -
      1440 a4e0 -
      1440 94d8 -
      1440 9824 -
      1440 6524 -
      1440 9d28 -
      1440 42a8 -
      1440 6af8 -
      1440 ac04 -
      1440 a454 -
      1440 9a14 -
     25416 90dc -
     39000 6b8c -
      1440 ad70 -
      1440 66e0 -
      1440 a150 -
      1440 7974 -
      1440 5898 -
      1440 a71c -
      1440 7888 -
      1440 b72c -
      1440 56d8 -
      1440 a124 -
      1440 8104 -
      1440 aebc -
      1440 3830 -
      1440 3c20 -
      1440 a3e8 -
      1440 ad64 -
      1440 79c4 -
Cleaned out 0 stale readers
mdb reader table full -> cleaning up stale readers. Current readers:
    pid     thread     txnid
      1440 52bc -
      1440 118c -
      1440 3cb4 -
      1440 3608 -
      1440 a11c -
      1440 94a8 -
      1440 9614 -
      1440 34e0 -
      1440 5bcc -
      1440 7a04 -
      1440 6f94 -
      1440 7ba4 -
      1440 40dc -
      1440 1814 -
      1440 56b8 -
      1440 8f64 -
      1440 84c4 -
      1440 8fac -
      1440 614 -
      1440 12d0 -
      1440 981c -
      1440 44ac -
      1440 5638 -
      1440 5ee4 -
      1440 9c04 -
      1440 48a8 -
      1440 14cc -
      1440 7e28 -
      1440 8538 -
      1440 65d0 -
      1440 6b50 -
      1440 549c -
      1440 1cc8 -
      1440 c0f0 -
      1440 a930 -
      1440 8150 -
      1440 7f04 -
      1440 280c -
      1440 8df4 -
      1440 3ed4 -
      1440 93cc -
      1440 a35c -
      1440 35c0 -
      1440 3f98 -
      1440 9810 -
      1440 7558 -
      1440 8d7c -
      1440 8a30 -
      1440 6594 -
      1440 448c -
      1440 88c -
      1440 1958 -
      1440 98e4 -
      1440 a1fc -
      1440 a5c0 -
      1440 706c -
      1440 9450 -
      1440 62e0 -
      1440 7ae8 -
      1440 a5e4 -
      1440 83e4 -
      1440 abfc -
      1440 9a20 -
      1440 ad0c -
      1440 3368 -
      1440 2444 -
      1440 9464 -
      1440 a348 -
      1440 3eec -
      1440 ac34 -
      1440 a30c -
      1440 a1b0 -
      1440 ac8c -
      1440 6320 -
      1440 5840 -
      1440 5948 -
      1440 ab50 -
      1440 85a0 -
      1440 75c8 -
      1440 a99c -
      1440 a970 -
      1440 9b68 -
      1440 a898 -
      1440 b15c -
      1440 b210 -
      1440 8ba4 -
      1440 b360 -
      1440 acfc -
      1440 8148 -
      1440 460c -
      1440 7ebc -
      1440 7fe0 -
      1440 7ed4 -
      1440 8d84 -
      1440 7650 -
      1440 a2c4 -
      1440 ab68 -
      1440 a4e0 -
      1440 94d8 -
      1440 9824 -
      1440 6524 -
      1440 9d28 -
      1440 42a8 -
      1440 6af8 -
      1440 ac04 -
      1440 a454 -
      1440 9a14 -
     25416 90dc -
     39000 6b8c -
      1440 ad70 -
      1440 66e0 -
      1440 a150 -
      1440 7974 -
      1440 5898 -
      1440 a71c -
      1440 7888 -
      1440 b72c -
      1440 56d8 -
      1440 a124 -
      1440 8104 -
      1440 aebc -
      1440 3830 -
      1440 3c20 -
      1440 a3e8 -
      1440 ad64 -
      1440 79c4 -
Cleaned out 0 stale readers
mdb reader table full -> cleaning up stale readers. Current readers:
    pid     thread     txnid
      1440 52bc -
      1440 118c -
      1440 3cb4 -
      1440 3608 -
      1440 a11c -
      1440 94a8 -
      1440 9614 -
      1440 34e0 -
      1440 5bcc -
      1440 7a04 -
      1440 6f94 -
      1440 7ba4 -
      1440 40dc -
      1440 1814 -
      1440 56b8 -
      1440 8f64 -
      1440 84c4 -
      1440 8fac -
      1440 614 -
      1440 12d0 -
      1440 981c -
      1440 44ac -
      1440 5638 -
      1440 5ee4 -
      1440 9c04 -
      1440 48a8 -
      1440 14cc -
      1440 7e28 -
      1440 8538 -
      1440 65d0 -
      1440 6b50 -
      1440 549c -
      1440 1cc8 -
      1440 c0f0 -
      1440 a930 -
      1440 8150 -
      1440 7f04 -
      1440 280c -
      1440 8df4 -
      1440 3ed4 -
      1440 93cc -
      1440 a35c -
      1440 35c0 -
      1440 3f98 -
      1440 9810 -
      1440 7558 -
      1440 8d7c -
      1440 8a30 -
      1440 6594 -
      1440 448c -
      1440 88c -
      1440 1958 -
      1440 98e4 -
      1440 a1fc -
      1440 a5c0 -
      1440 706c -
      1440 9450 -
      1440 62e0 -
      1440 7ae8 -
      1440 a5e4 -
      1440 83e4 -
      1440 abfc -
      1440 9a20 -
      1440 ad0c -
      1440 3368 -
      1440 2444 -
      1440 9464 -
      1440 a348 -
      1440 3eec -
      1440 ac34 -
      1440 a30c -
      1440 a1b0 -
      1440 ac8c -
      1440 6320 -
      1440 5840 -
      1440 5948 -
      1440 ab50 -
      1440 85a0 -
      1440 75c8 -
      1440 a99c -
      1440 a970 -
      1440 9b68 -
      1440 a898 -
      1440 b15c -
      1440 b210 -
      1440 8ba4 -
      1440 b360 -
      1440 acfc -
      1440 8148 -
      1440 460c -
      1440 7ebc -
      1440 7fe0 -
      1440 7ed4 -
      1440 8d84 -
      1440 7650 -
      1440 a2c4 -
      1440 ab68 -
      1440 a4e0 -
      1440 94d8 -
      1440 9824 -
      1440 6524 -
      1440 9d28 -
      1440 42a8 -
      1440 6af8 -
      1440 ac04 -
      1440 a454 -
      1440 9a14 -
     25416 90dc -
     39000 6b8c -
      1440 ad70 -
      1440 66e0 -
      1440 a150 -
      1440 7974 -
      1440 5898 -
      1440 a71c -
      1440 7888 -
      1440 b72c -
      1440 56d8 -
      1440 a124 -
      1440 8104 -
      1440 aebc -
      1440 3830 -
      1440 3c20 -
      1440 a3e8 -
      1440 ad64 -
      1440 79c4 -
Cleaned out 0 stale readers
mdb reader table full -> cleaning up stale readers. Current readers:
    pid     thread     txnid
      1440 52bc -
      1440 118c -
      1440 3cb4 -
      1440 3608 -
      1440 a11c -
      1440 94a8 -
      1440 9614 -
      1440 34e0 -
      1440 5bcc -
      1440 7a04 -
      1440 6f94 -
      1440 7ba4 -
      1440 40dc -
      1440 1814 -
      1440 56b8 -
      1440 8f64 -
      1440 84c4 -
      1440 8fac -
      1440 614 -
      1440 12d0 -
      1440 981c -
      1440 44ac -
      1440 5638 -
      1440 5ee4 -
      1440 9c04 -
      1440 48a8 -
      1440 14cc -
      1440 7e28 -
      1440 8538 -
      1440 65d0 -
      1440 6b50 -
      1440 549c -
      1440 1cc8 -
      1440 c0f0 -
      1440 a930 -
      1440 8150 -
      1440 7f04 -
      1440 280c -
      1440 8df4 -
      1440 3ed4 -
      1440 93cc -
      1440 a35c -
      1440 35c0 -
      1440 3f98 -
      1440 9810 -
      1440 7558 -
      1440 8d7c -
      1440 8a30 -
      1440 6594 -
      1440 448c -
      1440 88c -
      1440 1958 -
      1440 98e4 -
      1440 a1fc -
      1440 a5c0 -
      1440 706c -
      1440 9450 -
      1440 62e0 -
      1440 7ae8 -
      1440 a5e4 -
      1440 83e4 -
      1440 abfc -
      1440 9a20 -
      1440 ad0c -
      1440 3368 -
      1440 2444 -
      1440 9464 -
      1440 a348 -
      1440 3eec -
      1440 ac34 -
      1440 a30c -
      1440 a1b0 -
      1440 ac8c -
      1440 6320 -
      1440 5840 -
      1440 5948 -
      1440 ab50 -
      1440 85a0 -
      1440 75c8 -
      1440 a99c -
      1440 a970 -
      1440 9b68 -
      1440 a898 -
      1440 b15c -
      1440 b210 -
      1440 8ba4 -
      1440 b360 -
      1440 acfc -
      1440 8148 -
      1440 460c -
      1440 7ebc -
      1440 7fe0 -
      1440 7ed4 -
      1440 8d84 -
      1440 7650 -
      1440 a2c4 -
      1440 ab68 -
      1440 a4e0 -
      1440 94d8 -
      1440 9824 -
      1440 6524 -
      1440 9d28 -
      1440 42a8 -
      1440 6af8 -
      1440 ac04 -
      1440 a454 -
      1440 9a14 -
     25416 90dc -
     39000 6b8c -
      1440 ad70 -
      1440 66e0 -
      1440 a150 -
      1440 7974 -
      1440 5898 -
      1440 a71c -
      1440 7888 -
      1440 b72c -
      1440 56d8 -
      1440 a124 -
      1440 8104 -
      1440 aebc -
      1440 3830 -
      1440 3c20 -
      1440 a3e8 -
      1440 ad64 -
      1440 79c4 -
Cleaned out 0 stale readers
Cannot open transaction. Error -30790 (aborting errors true)
Asset database transaction committed twice!
Assertion failed on expression: 'errors == MDB_SUCCESS || errors == MDB_NOTFOUND'
mdb reader table full -> cleaning up stale readers. Current readers:
    pid     thread     txnid
      1440 52bc -
      1440 118c -
      1440 3cb4 -
      1440 3608 -
      1440 a11c -
      1440 94a8 -
      1440 9614 -
      1440 34e0 -
      1440 5bcc -
      1440 7a04 -
      1440 6f94 -
      1440 7ba4 -
      1440 40dc -
      1440 1814 -
      1440 56b8 -
      1440 8f64 -
      1440 84c4 -
      1440 8fac -
      1440 614 -
      1440 12d0 -
      1440 981c -
      1440 44ac -
      1440 5638 -
      1440 5ee4 -
      1440 9c04 -
      1440 48a8 -
      1440 14cc -
      1440 7e28 -
      1440 8538 -
      1440 65d0 -
      1440 6b50 -
      1440 549c -
      1440 1cc8 -
      1440 c0f0 -
      1440 a930 -
      1440 8150 -
      1440 7f04 -
      1440 280c -
      1440 8df4 -
      1440 3ed4 -
      1440 93cc -
      1440 a35c -
      1440 35c0 -
      1440 3f98 -
      1440 9810 -
      1440 7558 -
      1440 8d7c -
      1440 8a30 -
      1440 6594 -
      1440 448c -
      1440 88c -
      1440 1958 -
      1440 98e4 -
      1440 a1fc -
      1440 a5c0 -
      1440 706c -
      1440 9450 -
      1440 62e0 -
      1440 7ae8 -
      1440 a5e4 -
      1440 83e4 -
      1440 abfc -
      1440 9a20 -
      1440 ad0c -
      1440 3368 -
      1440 2444 -
      1440 9464 -
      1440 a348 -
      1440 3eec -
      1440 ac34 -
      1440 a30c -
      1440 a1b0 -
      1440 ac8c -
      1440 6320 -
      1440 5840 -
      1440 5948 -
      1440 ab50 -
      1440 85a0 -
      1440 75c8 -
      1440 a99c -
      1440 a970 -
      1440 9b68 -
      1440 a898 -
      1440 b15c -
      1440 b210 -
      1440 8ba4 -
      1440 b360 -
      1440 acfc -
      1440 8148 -
      1440 460c -
      1440 7ebc -
      1440 7fe0 -
      1440 7ed4 -
      1440 8d84 -
      1440 7650 -
      1440 a2c4 -
      1440 ab68 -
      1440 a4e0 -
      1440 94d8 -
      1440 9824 -
      1440 6524 -
      1440 9d28 -
      1440 42a8 -
      1440 6af8 -
      1440 ac04 -
      1440 a454 -
      1440 9a14 -
     25416 90dc -
     39000 6b8c -
      1440 ad70 -
      1440 66e0 -
      1440 a150 -
      1440 7974 -
      1440 5898 -
      1440 a71c -
      1440 7888 -
      1440 b72c -
      1440 56d8 -
      1440 a124 -
      1440 8104 -
      1440 aebc -
      1440 3830 -
      1440 3c20 -
      1440 a3e8 -
      1440 ad64 -
      1440 79c4 -
Cleaned out 0 stale readers
mdb reader table full -> cleaning up stale readers. Current readers:
    pid     thread     txnid
      1440 52bc -
      1440 118c -
      1440 3cb4 -
      1440 3608 -
      1440 a11c -
      1440 94a8 -
      1440 9614 -
      1440 34e0 -
      1440 5bcc -
      1440 7a04 -
      1440 6f94 -
      1440 7ba4 -
      1440 40dc -
      1440 1814 -
      1440 56b8 -
      1440 8f64 -
      1440 84c4 -
      1440 8fac -
      1440 614 -
      1440 12d0 -
      1440 981c -
      1440 44ac -
      1440 5638 -
      1440 5ee4 -
      1440 9c04 -
      1440 48a8 -
      1440 14cc -
      1440 7e28 -
      1440 8538 -
      1440 65d0 -
      1440 6b50 -
      1440 549c -
      1440 1cc8 -
      1440 c0f0 -
      1440 a930 -
      1440 8150 -
      1440 7f04 -
      1440 280c -
      1440 8df4 -
      1440 3ed4 -
      1440 93cc -
      1440 a35c -
      1440 35c0 -
      1440 3f98 -
      1440 9810 -
      1440 7558 -
      1440 8d7c -
      1440 8a30 -
      1440 6594 -
      1440 448c -
      1440 88c -
      1440 1958 -
      1440 98e4 -
      1440 a1fc -
      1440 a5c0 -
      1440 706c -
      1440 9450 -
      1440 62e0 -
      1440 7ae8 -
      1440 a5e4 -
      1440 83e4 -
      1440 abfc -
      1440 9a20 -
      1440 ad0c -
      1440 3368 -
      1440 2444 -
      1440 9464 -
      1440 a348 -
      1440 3eec -
      1440 ac34 -
      1440 a30c -
      1440 a1b0 -
      1440 ac8c -
      1440 6320 -
      1440 5840 -
      1440 5948 -
      1440 ab50 -
      1440 85a0 -
      1440 75c8 -
      1440 a99c -
      1440 a970 -
      1440 9b68 -
      1440 a898 -
      1440 b15c -
      1440 b210 -
      1440 8ba4 -
      1440 b360 -
      1440 acfc -
      1440 8148 -
      1440 460c -
      1440 7ebc -
      1440 7fe0 -
      1440 7ed4 -
      1440 8d84 -
      1440 7650 -
      1440 a2c4 -
      1440 ab68 -
      1440 a4e0 -
      1440 94d8 -
      1440 9824 -
      1440 6524 -
      1440 9d28 -
      1440 42a8 -
      1440 6af8 -
      1440 ac04 -
      1440 a454 -
      1440 9a14 -
     25416 90dc -
     39000 6b8c -
      1440 ad70 -
      1440 66e0 -
      1440 a150 -
      1440 7974 -
      1440 5898 -
      1440 a71c -
      1440 7888 -
      1440 b72c -
      1440 56d8 -
      1440 a124 -
      1440 8104 -
      1440 aebc -
      1440 3830 -
      1440 3c20 -
      1440 a3e8 -
      1440 ad64 -
      1440 79c4 -
Cleaned out 0 stale readers
mdb reader table full -> cleaning up stale readers. Current readers:
    pid     thread     txnid
      1440 52bc -
      1440 118c -
      1440 3cb4 -
      1440 3608 -
      1440 a11c -
      1440 94a8 -
      1440 9614 -
      1440 34e0 -
      1440 5bcc -
      1440 7a04 -
      1440 6f94 -
      1440 7ba4 -
      1440 40dc -
      1440 1814 -
      1440 56b8 -
      1440 8f64 -
      1440 84c4 -
      1440 8fac -
      1440 614 -
      1440 12d0 -
      1440 981c -
      1440 44ac -
      1440 5638 -
      1440 5ee4 -
      1440 9c04 -
      1440 48a8 -
      1440 14cc -
      1440 7e28 -
      1440 8538 -
      1440 65d0 -
      1440 6b50 -
      1440 549c -
      1440 1cc8 -
      1440 c0f0 -
      1440 a930 -
      1440 8150 -
      1440 7f04 -
      1440 280c -
      1440 8df4 -
      1440 3ed4 -
      1440 93cc -
      1440 a35c -
      1440 35c0 -
      1440 3f98 -
      1440 9810 -
      1440 7558 -
      1440 8d7c -
      1440 8a30 -
      1440 6594 -
      1440 448c -
      1440 88c -
      1440 1958 -
      1440 98e4 -
      1440 a1fc -
      1440 a5c0 -
      1440 706c -
      1440 9450 -
      1440 62e0 -
      1440 7ae8 -
      1440 a5e4 -
      1440 83e4 -
      1440 abfc -
      1440 9a20 -
      1440 ad0c -
      1440 3368 -
      1440 2444 -
      1440 9464 -
      1440 a348 -
      1440 3eec -
      1440 ac34 -
      1440 a30c -
      1440 a1b0 -
      1440 ac8c -
      1440 6320 -
      1440 5840 -
      1440 5948 -
      1440 ab50 -
      1440 85a0 -
      1440 75c8 -
      1440 a99c -
      1440 a970 -
      1440 9b68 -
      1440 a898 -
      1440 b15c -
      1440 b210 -
      1440 8ba4 -
      1440 b360 -
      1440 acfc -
      1440 8148 -
      1440 460c -
      1440 7ebc -
      1440 7fe0 -
      1440 7ed4 -
      1440 8d84 -
      1440 7650 -
      1440 a2c4 -
      1440 ab68 -
      1440 a4e0 -
      1440 94d8 -
      1440 9824 -
      1440 6524 -
      1440 9d28 -
      1440 42a8 -
      1440 6af8 -
      1440 ac04 -
      1440 a454 -
      1440 9a14 -
     25416 90dc -
     39000 6b8c -
      1440 ad70 -
      1440 66e0 -
      1440 a150 -
      1440 7974 -
      1440 5898 -
      1440 a71c -
      1440 7888 -
      1440 b72c -
      1440 56d8 -
      1440 a124 -
      1440 8104 -
      1440 aebc -
      1440 3830 -
      1440 3c20 -
      1440 a3e8 -
      1440 ad64 -
      1440 79c4 -
Cleaned out 0 stale readers
mdb reader table full -> cleaning up stale readers. Current readers:
    pid     thread     txnid
      1440 52bc -
      1440 118c -
      1440 3cb4 -
      1440 3608 -
      1440 a11c -
      1440 94a8 -
      1440 9614 -
      1440 34e0 -
      1440 5bcc -
      1440 7a04 -
      1440 6f94 -
      1440 7ba4 -
      1440 40dc -
      1440 1814 -
      1440 56b8 -
      1440 8f64 -
      1440 84c4 -
      1440 8fac -
      1440 614 -
      1440 12d0 -
      1440 981c -
      1440 44ac -
      1440 5638 -
      1440 5ee4 -
      1440 9c04 -
      1440 48a8 -
      1440 14cc -
      1440 7e28 -
      1440 8538 -
      1440 65d0 -
      1440 6b50 -
      1440 549c -
      1440 1cc8 -
      1440 c0f0 -
      1440 a930 -
      1440 8150 -
      1440 7f04 -
      1440 280c -
      1440 8df4 -
      1440 3ed4 -
      1440 93cc -
      1440 a35c -
      1440 35c0 -
      1440 3f98 -
      1440 9810 -
      1440 7558 -
      1440 8d7c -
      1440 8a30 -
      1440 6594 -
      1440 448c -
      1440 88c -
      1440 1958 -
      1440 98e4 -
      1440 a1fc -
      1440 a5c0 -
      1440 706c -
      1440 9450 -
      1440 62e0 -
      1440 7ae8 -
      1440 a5e4 -
      1440 83e4 -
      1440 abfc -
      1440 9a20 -
      1440 ad0c -
      1440 3368 -
      1440 2444 -
      1440 9464 -
      1440 a348 -
      1440 3eec -
      1440 ac34 -
      1440 a30c -
      1440 a1b0 -
      1440 ac8c -
      1440 6320 -
      1440 5840 -
      1440 5948 -
      1440 ab50 -
      1440 85a0 -
      1440 75c8 -
      1440 a99c -
      1440 a970 -
      1440 9b68 -
      1440 a898 -
      1440 b15c -
      1440 b210 -
      1440 8ba4 -
      1440 b360 -
      1440 acfc -
      1440 8148 -
      1440 460c -
      1440 7ebc -
      1440 7fe0 -
      1440 7ed4 -
      1440 8d84 -
      1440 7650 -
      1440 a2c4 -
      1440 ab68 -
      1440 a4e0 -
      1440 94d8 -
      1440 9824 -
      1440 6524 -
      1440 9d28 -
      1440 42a8 -
      1440 6af8 -
      1440 ac04 -
      1440 a454 -
      1440 9a14 -
     25416 90dc -
     39000 6b8c -
      1440 ad70 -
      1440 66e0 -
      1440 a150 -
      1440 7974 -
      1440 5898 -
      1440 a71c -
      1440 7888 -
      1440 b72c -
      1440 56d8 -
      1440 a124 -
      1440 8104 -
      1440 aebc -
      1440 3830 -
      1440 3c20 -
      1440 a3e8 -
      1440 ad64 -
      1440 79c4 -
Cleaned out 0 stale readers
mdb reader table full -> cleaning up stale readers. Current readers:
    pid     thread     txnid
      1440 52bc -
      1440 118c -
      1440 3cb4 -
      1440 3608 -
      1440 a11c -
      1440 94a8 -
      1440 9614 -
      1440 34e0 -
      1440 5bcc -
      1440 7a04 -
      1440 6f94 -
      1440 7ba4 -
      1440 40dc -
      1440 1814 -
      1440 56b8 -
      1440 8f64 -
      1440 84c4 -
      1440 8fac -
      1440 614 -
      1440 12d0 -
      1440 981c -
      1440 44ac -
      1440 5638 -
      1440 5ee4 -
      1440 9c04 -
      1440 48a8 -
      1440 14cc -
      1440 7e28 -
      1440 8538 -
      1440 65d0 -
      1440 6b50 -
      1440 549c -
      1440 1cc8 -
      1440 c0f0 -
      1440 a930 -
      1440 8150 -
      1440 7f04 -
      1440 280c -
      1440 8df4 -
      1440 3ed4 -
      1440 93cc -
      1440 a35c -
      1440 35c0 -
      1440 3f98 -
      1440 9810 -
      1440 7558 -
      1440 8d7c -
      1440 8a30 -
      1440 6594 -
      1440 448c -
      1440 88c -
      1440 1958 -
      1440 98e4 -
      1440 a1fc -
      1440 a5c0 -
      1440 706c -
      1440 9450 -
      1440 62e0 -
      1440 7ae8 -
      1440 a5e4 -
      1440 83e4 -
      1440 abfc -
      1440 9a20 -
      1440 ad0c -
      1440 3368 -
      1440 2444 -
      1440 9464 -
      1440 a348 -
      1440 3eec -
      1440 ac34 -
      1440 a30c -
      1440 a1b0 -
      1440 ac8c -
      1440 6320 -
      1440 5840 -
      1440 5948 -
      1440 ab50 -
      1440 85a0 -
      1440 75c8 -
      1440 a99c -
      1440 a970 -
      1440 9b68 -
      1440 a898 -
      1440 b15c -
      1440 b210 -
      1440 8ba4 -
      1440 b360 -
      1440 acfc -
      1440 8148 -
      1440 460c -
      1440 7ebc -
      1440 7fe0 -
      1440 7ed4 -
      1440 8d84 -
      1440 7650 -
      1440 a2c4 -
      1440 ab68 -
      1440 a4e0 -
      1440 94d8 -
      1440 9824 -
      1440 6524 -
      1440 9d28 -
      1440 42a8 -
      1440 6af8 -
      1440 ac04 -
      1440 a454 -
      1440 9a14 -
     25416 90dc -
     39000 6b8c -
      1440 ad70 -
      1440 66e0 -
      1440 a150 -
      1440 7974 -
      1440 5898 -
      1440 a71c -
      1440 7888 -
      1440 b72c -
      1440 56d8 -
      1440 a124 -
      1440 8104 -
      1440 aebc -
      1440 3830 -
      1440 3c20 -
      1440 a3e8 -
      1440 ad64 -
      1440 79c4 -
Cleaned out 0 stale readers
mdb reader table full -> cleaning up stale readers. Current readers:
    pid     thread     txnid
      1440 52bc -
      1440 118c -
      1440 3cb4 -
      1440 3608 -
      1440 a11c -
      1440 94a8 -
      1440 9614 -
      1440 34e0 -
      1440 5bcc -
      1440 7a04 -
      1440 6f94 -
      1440 7ba4 -
      1440 40dc -
      1440 1814 -
      1440 56b8 -
      1440 8f64 -
      1440 84c4 -
      1440 8fac -
      1440 614 -
      1440 12d0 -
      1440 981c -
      1440 44ac -
      1440 5638 -
      1440 5ee4 -
      1440 9c04 -
      1440 48a8 -
      1440 14cc -
      1440 7e28 -
      1440 8538 -
      1440 65d0 -
      1440 6b50 -
      1440 549c -
      1440 1cc8 -
      1440 c0f0 -
      1440 a930 -
      1440 8150 -
      1440 7f04 -
      1440 280c -
      1440 8df4 -
      1440 3ed4 -
      1440 93cc -
      1440 a35c -
      1440 35c0 -
      1440 3f98 -
      1440 9810 -
      1440 7558 -
      1440 8d7c -
      1440 8a30 -
      1440 6594 -
      1440 448c -
      1440 88c -
      1440 1958 -
      1440 98e4 -
      1440 a1fc -
      1440 a5c0 -
      1440 706c -
      1440 9450 -
      1440 62e0 -
      1440 7ae8 -
      1440 a5e4 -
      1440 83e4 -
      1440 abfc -
      1440 9a20 -
      1440 ad0c -
      1440 3368 -
      1440 2444 -
      1440 9464 -
      1440 a348 -
      1440 3eec -
      1440 ac34 -
      1440 a30c -
      1440 a1b0 -
      1440 ac8c -
      1440 6320 -
      1440 5840 -
      1440 5948 -
      1440 ab50 -
      1440 85a0 -
      1440 75c8 -
      1440 a99c -
      1440 a970 -
      1440 9b68 -
      1440 a898 -
      1440 b15c -
      1440 b210 -
      1440 8ba4 -
      1440 b360 -
      1440 acfc -
      1440 8148 -
      1440 460c -
      1440 7ebc -
      1440 7fe0 -
      1440 7ed4 -
      1440 8d84 -
      1440 7650 -
      1440 a2c4 -
      1440 ab68 -
      1440 a4e0 -
      1440 94d8 -
      1440 9824 -
      1440 6524 -
      1440 9d28 -
      1440 42a8 -
      1440 6af8 -
      1440 ac04 -
      1440 a454 -
      1440 9a14 -
     25416 90dc -
     39000 6b8c -
      1440 ad70 -
      1440 66e0 -
      1440 a150 -
      1440 7974 -
      1440 5898 -
      1440 a71c -
      1440 7888 -
      1440 b72c -
      1440 56d8 -
      1440 a124 -
      1440 8104 -
      1440 aebc -
      1440 3830 -
      1440 3c20 -
      1440 a3e8 -
      1440 ad64 -
      1440 79c4 -
Cleaned out 0 stale readers
